

Started GET "/assets/rails.png" for 127.0.0.1 at 2014-11-10 18:40:32 +0100
Connecting to database specified by database.yml
Served asset /rails.png - 200 OK (24ms)
Connecting to database specified by database.yml


Started GET "/agnieszka1" for 127.0.0.1 at 2014-11-10 18:45:21 +0100

ActionController::RoutingError (No route matches [GET] "/agnieszka1"):
  actionpack (3.2.19) lib/action_dispatch/middleware/debug_exceptions.rb:21:in `call'
  actionpack (3.2.19) lib/action_dispatch/middleware/show_exceptions.rb:56:in `call'
  railties (3.2.19) lib/rails/rack/logger.rb:32:in `call_app'
  railties (3.2.19) lib/rails/rack/logger.rb:16:in `block in call'
  activesupport (3.2.19) lib/active_support/tagged_logging.rb:22:in `tagged'
  railties (3.2.19) lib/rails/rack/logger.rb:16:in `call'
  actionpack (3.2.19) lib/action_dispatch/middleware/request_id.rb:22:in `call'
  rack (1.4.5) lib/rack/methodoverride.rb:21:in `call'
  rack (1.4.5) lib/rack/runtime.rb:17:in `call'
  activesupport (3.2.19) lib/active_support/cache/strategy/local_cache.rb:72:in `call'
  rack (1.4.5) lib/rack/lock.rb:15:in `call'
  actionpack (3.2.19) lib/action_dispatch/middleware/static.rb:63:in `call'
  railties (3.2.19) lib/rails/engine.rb:484:in `call'
  railties (3.2.19) lib/rails/application.rb:231:in `call'
  rack (1.4.5) lib/rack/content_length.rb:14:in `call'
  railties (3.2.19) lib/rails/rack/log_tailer.rb:17:in `call'
  rack (1.4.5) lib/rack/handler/webrick.rb:59:in `service'
  C:/RailsInstaller/Ruby1.9.3/lib/ruby/1.9.1/webrick/httpserver.rb:138:in `service'
  C:/RailsInstaller/Ruby1.9.3/lib/ruby/1.9.1/webrick/httpserver.rb:94:in `run'
  C:/RailsInstaller/Ruby1.9.3/lib/ruby/1.9.1/webrick/server.rb:191:in `block in start_thread'


  Rendered C:/RailsInstaller/Ruby1.9.3/lib/ruby/gems/1.9.1/gems/actionpack-3.2.19/lib/action_dispatch/middleware/templates/rescues/routing_error.erb within rescues/layout (9.0ms)


Started GET "/agnieszka1s" for 127.0.0.1 at 2014-11-10 18:45:42 +0100
Processing by Agnieszka1sController#index as HTML
Completed 500 Internal Server Error in 67.0ms

ActiveRecord::StatementInvalid (Could not find table 'agnieszka1s'):
  app/controllers/agnieszka1s_controller.rb:5:in `index'


  Rendered C:/RailsInstaller/Ruby1.9.3/lib/ruby/gems/1.9.1/gems/actionpack-3.2.19/lib/action_dispatch/middleware/templates/rescues/_trace.erb (1.0ms)
  Rendered C:/RailsInstaller/Ruby1.9.3/lib/ruby/gems/1.9.1/gems/actionpack-3.2.19/lib/action_dispatch/middleware/templates/rescues/_request_and_response.erb (1.0ms)
  Rendered C:/RailsInstaller/Ruby1.9.3/lib/ruby/gems/1.9.1/gems/actionpack-3.2.19/lib/action_dispatch/middleware/templates/rescues/diagnostics.erb within rescues/layout (36.0ms)
Connecting to database specified by database.yml
  [1m[36m (0.0ms)[0m  [1mselect sqlite_version(*)[0m
  [1m[35m (169.0ms)[0m  CREATE TABLE "schema_migrations" ("version" varchar(255) NOT NULL) 
  [1m[36m (134.0ms)[0m  [1mCREATE UNIQUE INDEX "unique_schema_migrations" ON "schema_migrations" ("version")[0m
  [1m[35m (1.0ms)[0m  SELECT "schema_migrations"."version" FROM "schema_migrations" 
Migrating to CreateAgnieszka1s (20141110174504)
  [1m[36m (0.0ms)[0m  [1mbegin transaction[0m
  [1m[35m (3.0ms)[0m  CREATE TABLE "agnieszka1s" ("id" INTEGER PRIMARY KEY AUTOINCREMENT NOT NULL, "imie" varchar(255), "nazwisko" varchar(255), "created_at" datetime NOT NULL, "updated_at" datetime NOT NULL) 
  [1m[36m (0.0ms)[0m  [1mINSERT INTO "schema_migrations" ("version") VALUES ('20141110174504')[0m
  [1m[35m (151.0ms)[0m  commit transaction
  [1m[36m (1.0ms)[0m  [1mSELECT "schema_migrations"."version" FROM "schema_migrations" [0m


Started GET "/agnieszka1s" for 127.0.0.1 at 2014-11-10 18:46:24 +0100
Processing by Agnieszka1sController#index as HTML
  [1m[36mAgnieszka1 Load (0.0ms)[0m  [1mSELECT "agnieszka1s".* FROM "agnieszka1s" [0m
  Rendered agnieszka1s/index.html.erb within layouts/application (2.0ms)
Warning. Error encountered while saving cache C:/Users/Agnieszka/RubymineProjects/untitled1/tmp/cache/sass/47b11dc4957272a17e655ea81234b6e4e2dec6a4/agnieszka1s.css.scssc: can't dump anonymous class #<Class:0x38edeb0>
Compiled agnieszka1s.css  (9ms)  (pid 3796)
Warning. Error encountered while saving cache C:/Users/Agnieszka/RubymineProjects/untitled1/tmp/cache/sass/47b11dc4957272a17e655ea81234b6e4e2dec6a4/scaffolds.css.scssc: can't dump anonymous class #<Class:0x38edeb0>
Compiled scaffolds.css  (10ms)  (pid 3796)
Compiled application.css  (119ms)  (pid 3796)
Compiled jquery.js  (4ms)  (pid 3796)
Compiled jquery_ujs.js  (0ms)  (pid 3796)
Compiled agnieszka1s.js  (827ms)  (pid 3796)
Compiled application.js  (1041ms)  (pid 3796)
Completed 200 OK in 1381.1ms (Views: 1377.1ms | ActiveRecord: 1.0ms)


Started GET "/assets/application.css?body=1" for 127.0.0.1 at 2014-11-10 18:46:26 +0100
Served asset /application.css - 200 OK (13ms)


Started GET "/assets/agnieszka1s.css?body=1" for 127.0.0.1 at 2014-11-10 18:46:26 +0100
Served asset /agnieszka1s.css - 200 OK (5ms)


Started GET "/assets/scaffolds.css?body=1" for 127.0.0.1 at 2014-11-10 18:46:26 +0100
Served asset /scaffolds.css - 200 OK (3ms)


Started GET "/assets/jquery.js?body=1" for 127.0.0.1 at 2014-11-10 18:46:26 +0100
Served asset /jquery.js - 200 OK (23ms)


Started GET "/assets/agnieszka1s.js?body=1" for 127.0.0.1 at 2014-11-10 18:46:26 +0100
Served asset /agnieszka1s.js - 200 OK (4ms)


Started GET "/assets/jquery_ujs.js?body=1" for 127.0.0.1 at 2014-11-10 18:46:26 +0100
Served asset /jquery_ujs.js - 200 OK (3ms)


Started GET "/assets/application.js?body=1" for 127.0.0.1 at 2014-11-10 18:46:26 +0100
Served asset /application.js - 200 OK (12ms)


Started GET "/agnieszka1s/new" for 127.0.0.1 at 2014-11-10 18:46:28 +0100
Processing by Agnieszka1sController#new as HTML
  Rendered agnieszka1s/_form.html.erb (9.0ms)
  Rendered agnieszka1s/new.html.erb within layouts/application (21.0ms)
Completed 200 OK in 41.0ms (Views: 33.0ms | ActiveRecord: 0.0ms)


Started POST "/agnieszka1s" for 127.0.0.1 at 2014-11-10 18:46:34 +0100
Processing by Agnieszka1sController#create as HTML
  Parameters: {"utf8"=>"✓", "authenticity_token"=>"6yN7HhNshnh4drjKZl90uqpPi3U1ozwtaaO9K4OHDFs=", "agnieszka1"=>{"imie"=>"aga ", "nazwisko"=>"nizio"}, "commit"=>"Create Agnieszka1"}
  [1m[35m (0.0ms)[0m  begin transaction
  [1m[36mSQL (27.0ms)[0m  [1mINSERT INTO "agnieszka1s" ("created_at", "imie", "nazwisko", "updated_at") VALUES (?, ?, ?, ?)[0m  [["created_at", Mon, 10 Nov 2014 17:46:34 UTC +00:00], ["imie", "aga "], ["nazwisko", "nizio"], ["updated_at", Mon, 10 Nov 2014 17:46:34 UTC +00:00]]
  [1m[35m (394.0ms)[0m  commit transaction
Redirected to http://127.0.0.1:3000/agnieszka1s/1
Completed 302 Found in 428.0ms (ActiveRecord: 421.0ms)


Started GET "/agnieszka1s/1" for 127.0.0.1 at 2014-11-10 18:46:35 +0100
Processing by Agnieszka1sController#show as HTML
  Parameters: {"id"=>"1"}
  [1m[36mAgnieszka1 Load (1.0ms)[0m  [1mSELECT "agnieszka1s".* FROM "agnieszka1s" WHERE "agnieszka1s"."id" = ? LIMIT 1[0m  [["id", "1"]]
  Rendered agnieszka1s/show.html.erb within layouts/application (3.0ms)
Completed 200 OK in 23.0ms (Views: 19.0ms | ActiveRecord: 1.0ms)


Started GET "/assets/agnieszka1s.css?body=1" for 127.0.0.1 at 2014-11-10 18:46:35 +0100
Served asset /agnieszka1s.css - 304 Not Modified (0ms)


Started GET "/assets/scaffolds.css?body=1" for 127.0.0.1 at 2014-11-10 18:46:35 +0100
Served asset /scaffolds.css - 304 Not Modified (0ms)


Started GET "/assets/agnieszka1s.js?body=1" for 127.0.0.1 at 2014-11-10 18:46:35 +0100
Served asset /agnieszka1s.js - 304 Not Modified (0ms)


Started GET "/agnieszka1s/1/edit" for 127.0.0.1 at 2014-11-10 18:46:41 +0100
Processing by Agnieszka1sController#edit as HTML
  Parameters: {"id"=>"1"}
  [1m[35mAgnieszka1 Load (1.0ms)[0m  SELECT "agnieszka1s".* FROM "agnieszka1s" WHERE "agnieszka1s"."id" = ? LIMIT 1  [["id", "1"]]
  Rendered agnieszka1s/_form.html.erb (3.0ms)
  Rendered agnieszka1s/edit.html.erb within layouts/application (6.0ms)
Completed 200 OK in 19.0ms (Views: 17.0ms | ActiveRecord: 1.0ms)


Started GET "/assets/agnieszka1s.css?body=1" for 127.0.0.1 at 2014-11-10 18:46:41 +0100
Served asset /agnieszka1s.css - 304 Not Modified (1ms)


Started GET "/assets/scaffolds.css?body=1" for 127.0.0.1 at 2014-11-10 18:46:41 +0100
Served asset /scaffolds.css - 304 Not Modified (0ms)


Started GET "/assets/agnieszka1s.js?body=1" for 127.0.0.1 at 2014-11-10 18:46:41 +0100
Served asset /agnieszka1s.js - 304 Not Modified (0ms)


Started GET "/agnieszka1s" for 127.0.0.1 at 2014-11-10 18:46:42 +0100
Processing by Agnieszka1sController#index as HTML
  [1m[36mAgnieszka1 Load (1.0ms)[0m  [1mSELECT "agnieszka1s".* FROM "agnieszka1s" [0m
  Rendered agnieszka1s/index.html.erb within layouts/application (2.0ms)
Completed 200 OK in 23.0ms (Views: 21.0ms | ActiveRecord: 1.0ms)


Started GET "/assets/agnieszka1s.css?body=1" for 127.0.0.1 at 2014-11-10 18:46:42 +0100
Served asset /agnieszka1s.css - 304 Not Modified (0ms)


Started GET "/assets/agnieszka1s.js?body=1" for 127.0.0.1 at 2014-11-10 18:46:42 +0100
Served asset /agnieszka1s.js - 304 Not Modified (0ms)


Started GET "/assets/scaffolds.css?body=1" for 127.0.0.1 at 2014-11-10 18:46:42 +0100
Served asset /scaffolds.css - 304 Not Modified (0ms)
